# JRE version: Java(TM) SE Runtime Environment (8.0_101-b13) (build 1.8.0_101-b13)
# Java VM: Java HotSpot(TM) 64-Bit Server VM (25.101-b13 mixed mode windows-amd64 compressed oops)
Heap:
 PSYoungGen      total 228352K, used 22568K [0x00000000e0000000, 0x00000000f1200000, 0x0000000100000000)
  eden space 203776K, 9% used [0x00000000e0000000,0x00000000e12540f0,0x00000000ec700000)
  from space 24576K, 15% used [0x00000000ec700000,0x00000000ecab6220,0x00000000edf00000)
  to   space 24064K, 0% used [0x00000000efa80000,0x00000000efa80000,0x00000000f1200000)
 ParOldGen       total 145920K, used 37110K [0x00000000a0000000, 0x00000000a8e80000, 0x00000000e0000000)
  object space 145920K, 25% used [0x00000000a0000000,0x00000000a243dbc8,0x00000000a8e80000)
 Metaspace       used 60710K, capacity 62966K, committed 63064K, reserved 1103872K
  class space    used 7990K, capacity 8450K, committed 8536K, reserved 1048576K
GC Heap History (10 events):
Event: 196.419 GC heap before
{Heap before GC invocations=18 (full 3):
 PSYoungGen      total 163328K, used 14177K [0x00000000e0000000, 0x00000000ee380000, 0x0000000100000000)
  eden space 137216K, 0% used [0x00000000e0000000,0x00000000e0000000,0x00000000e8600000)
  from space 26112K, 54% used [0x00000000e8600000,0x00000000e93d8520,0x00000000e9f80000)
  to   space 26112K, 0% used [0x00000000eca00000,0x00000000eca00000,0x00000000ee380000)
 ParOldGen       total 91648K, used 70094K [0x00000000a0000000, 0x00000000a5980000, 0x00000000e0000000)
  object space 91648K, 76% used [0x00000000a0000000,0x00000000a44739c8,0x00000000a5980000)
 Metaspace       used 57042K, capacity 58982K, committed 59028K, reserved 1099776K
  class space    used 7729K, capacity 8126K, committed 8152K, reserved 1048576K
Event: 199.775 GC heap after
Heap after GC invocations=18 (full 3):
 PSYoungGen      total 163328K, used 0K [0x00000000e0000000, 0x00000000ee380000, 0x0000000100000000)
  eden space 137216K, 0% used [0x00000000e0000000,0x00000000e0000000,0x00000000e8600000)
  from space 26112K, 0% used [0x00000000e8600000,0x00000000e8600000,0x00000000e9f80000)
  to   space 26112K, 0% used [0x00000000eca00000,0x00000000eca00000,0x00000000ee380000)
 ParOldGen       total 145920K, used 36254K [0x00000000a0000000, 0x00000000a8e80000, 0x00000000e0000000)
  object space 145920K, 24% used [0x00000000a0000000,0x00000000a2367bb8,0x00000000a8e80000)
 Metaspace       used 57040K, capacity 58976K, committed 59028K, reserved 1099776K
  class space    used 7728K, capacity 8125K, committed 8152K, reserved 1048576K
}
Event: 215.545 GC heap before
{Heap before GC invocations=19 (full 3):
 PSYoungGen      total 163328K, used 135193K [0x00000000e0000000, 0x00000000ee380000, 0x0000000100000000)
  eden space 137216K, 98% used [0x00000000e0000000,0x00000000e84064d0,0x00000000e8600000)
  from space 26112K, 0% used [0x00000000e8600000,0x00000000e8600000,0x00000000e9f80000)
  to   space 26112K, 0% used [0x00000000eca00000,0x00000000eca00000,0x00000000ee380000)
 ParOldGen       total 145920K, used 36254K [0x00000000a0000000, 0x00000000a8e80000, 0x00000000e0000000)
  object space 145920K, 24% used [0x00000000a0000000,0x00000000a2367bb8,0x00000000a8e80000)
 Metaspace       used 57567K, capacity 59538K, committed 59736K, reserved 1101824K
  class space    used 7798K, capacity 8228K, committed 8280K, reserved 1048576K
Event: 215.600 GC heap after
Heap after GC invocations=19 (full 3):
 PSYoungGen      total 191488K, used 10555K [0x00000000e0000000, 0x00000000eda80000, 0x0000000100000000)
  eden space 174592K, 0% used [0x00000000e0000000,0x00000000e0000000,0x00000000eaa80000)
  from space 16896K, 62% used [0x00000000eca00000,0x00000000ed44ed98,0x00000000eda80000)
  to   space 24576K, 0% used [0x00000000eaa80000,0x00000000eaa80000,0x00000000ec280000)
 ParOldGen       total 145920K, used 36262K [0x00000000a0000000, 0x00000000a8e80000, 0x00000000e0000000)
  object space 145920K, 24% used [0x00000000a0000000,0x00000000a2369bb8,0x00000000a8e80000)
 Metaspace       used 57567K, capacity 59538K, committed 59736K, reserved 1101824K
  class space    used 7798K, capacity 8228K, committed 8280K, reserved 1048576K
}
Event: 216.318 GC heap before
{Heap before GC invocations=20 (full 3):
 PSYoungGen      total 191488K, used 184970K [0x00000000e0000000, 0x00000000eda80000, 0x0000000100000000)
  eden space 174592K, 99% used [0x00000000e0000000,0x00000000eaa53e30,0x00000000eaa80000)
  from space 16896K, 62% used [0x00000000eca00000,0x00000000ed44ed98,0x00000000eda80000)
  to   space 24576K, 0% used [0x00000000eaa80000,0x00000000eaa80000,0x00000000ec280000)
 ParOldGen       total 145920K, used 36262K [0x00000000a0000000, 0x00000000a8e80000, 0x00000000e0000000)
  object space 145920K, 24% used [0x00000000a0000000,0x00000000a2369bb8,0x00000000a8e80000)
 Metaspace       used 57585K, capacity 59542K, committed 59736K, reserved 1101824K
  class space    used 7800K, capacity 8230K, committed 8280K, reserved 1048576K
Event: 216.343 GC heap after
Heap after GC invocations=20 (full 3):
 PSYoungGen      total 199168K, used 1542K [0x00000000e0000000, 0x00000000efc80000, 0x0000000100000000)
  eden space 174592K, 0% used [0x00000000e0000000,0x00000000e0000000,0x00000000eaa80000)
  from space 24576K, 6% used [0x00000000eaa80000,0x00000000eac01a30,0x00000000ec280000)
  to   space 25088K, 0% used [0x00000000ee400000,0x00000000ee400000,0x00000000efc80000)
 ParOldGen       total 145920K, used 36270K [0x00000000a0000000, 0x00000000a8e80000, 0x00000000e0000000)
  object space 145920K, 24% used [0x00000000a0000000,0x00000000a236bbb8,0x00000000a8e80000)
 Metaspace       used 57585K, capacity 59542K, committed 59736K, reserved 1101824K
  class space    used 7800K, capacity 8230K, committed 8280K, reserved 1048576K
}
Event: 692.782 GC heap before
{Heap before GC invocations=21 (full 3):
 PSYoungGen      total 199168K, used 176134K [0x00000000e0000000, 0x00000000efc80000, 0x0000000100000000)
  eden space 174592K, 100% used [0x00000000e0000000,0x00000000eaa80000,0x00000000eaa80000)
  from space 24576K, 6% used [0x00000000eaa80000,0x00000000eac01a30,0x00000000ec280000)
  to   space 25088K, 0% used [0x00000000ee400000,0x00000000ee400000,0x00000000efc80000)
 ParOldGen       total 145920K, used 36270K [0x00000000a0000000, 0x00000000a8e80000, 0x00000000e0000000)
  object space 145920K, 24% used [0x00000000a0000000,0x00000000a236bbb8,0x00000000a8e80000)
 Metaspace       used 60189K, capacity 62298K, committed 62552K, reserved 1103872K
  class space    used 7970K, capacity 8422K, committed 8536K, reserved 1048576K
Event: 692.840 GC heap after
Heap after GC invocations=21 (full 3):
 PSYoungGen      total 223232K, used 5932K [0x00000000e0000000, 0x00000000ef700000, 0x0000000100000000)
  eden space 203776K, 0% used [0x00000000e0000000,0x00000000e0000000,0x00000000ec700000)
  from space 19456K, 30% used [0x00000000ee400000,0x00000000ee9cb208,0x00000000ef700000)
  to   space 24576K, 0% used [0x00000000ec700000,0x00000000ec700000,0x00000000edf00000)
 ParOldGen       total 145920K, used 37102K [0x00000000a0000000, 0x00000000a8e80000, 0x00000000e0000000)
  object space 145920K, 25% used [0x00000000a0000000,0x00000000a243bbc8,0x00000000a8e80000)
 Metaspace       used 60189K, capacity 62298K, committed 62552K, reserved 1103872K
  class space    used 7970K, capacity 8422K, committed 8536K, reserved 1048576K
}
Event: 892.402 GC heap before
{Heap before GC invocations=22 (full 3):
 PSYoungGen      total 223232K, used 209708K [0x00000000e0000000, 0x00000000ef700000, 0x0000000100000000)
  eden space 203776K, 100% used [0x00000000e0000000,0x00000000ec700000,0x00000000ec700000)
  from space 19456K, 30% used [0x00000000ee400000,0x00000000ee9cb208,0x00000000ef700000)
  to   space 24576K, 0% used [0x00000000ec700000,0x00000000ec700000,0x00000000edf00000)
 ParOldGen       total 145920K, used 37102K [0x00000000a0000000, 0x00000000a8e80000, 0x00000000e0000000)
  object space 145920K, 25% used [0x00000000a0000000,0x00000000a243bbc8,0x00000000a8e80000)
 Metaspace       used 60599K, capacity 62862K, committed 63064K, reserved 1103872K
  class space    used 7987K, capacity 8444K, committed 8536K, reserved 1048576K
Event: 892.568 GC heap after
Heap after GC invocations=22 (full 3):
 PSYoungGen      total 228352K, used 3800K [0x00000000e0000000, 0x00000000f1200000, 0x0000000100000000)
  eden space 203776K, 0% used [0x00000000e0000000,0x00000000e0000000,0x00000000ec700000)
  from space 24576K, 15% used [0x00000000ec700000,0x00000000ecab6220,0x00000000edf00000)
  to   space 24064K, 0% used [0x00000000efa80000,0x00000000efa80000,0x00000000f1200000)
 ParOldGen       total 145920K, used 37110K [0x00000000a0000000, 0x00000000a8e80000, 0x00000000e0000000)
  object space 145920K, 25% used [0x00000000a0000000,0x00000000a243dbc8,0x00000000a8e80000)
 Metaspace       used 60599K, capacity 62862K, committed 63064K, reserved 1103872K
  class space    used 7987K, capacity 8444K, committed 8536K, reserved 1048576K
}

